12:34:16 ERROR: On line 1215 
/usr/bin/bashtop: line 1207: local: `36': invalid variable name for name reference
12:34:19 ERROR: On line 1207 (MUTED!)
/usr/bin/bashtop: line 1207: local: `2': invalid variable name for name reference
12:34:19 ERROR: On line 1207 (MUTED!)
/usr/bin/bashtop: line 1207: local: `51': invalid variable name for name reference
/usr/bin/bashtop: line 1207: local: `36': invalid variable name for name reference
/usr/bin/bashtop: line 1207: local: `2': invalid variable name for name reference
/usr/bin/bashtop: line 1207: local: `51': invalid variable name for name reference
12:34:19 ERROR: On line 1215 
/usr/bin/bashtop: line 1207: local: `36': invalid variable name for name reference
12:34:22 ERROR: On line 1207 (MUTED!)
/usr/bin/bashtop: line 1207: local: `2': invalid variable name for name reference
12:34:22 ERROR: On line 1207 (MUTED!)
/usr/bin/bashtop: line 1207: local: `51': invalid variable name for name reference
/usr/bin/bashtop: line 1207: local: `36': invalid variable name for name reference
/usr/bin/bashtop: line 1207: local: `2': invalid variable name for name reference
/usr/bin/bashtop: line 1207: local: `51': invalid variable name for name reference
12:34:22 ERROR: On line 1215 
/usr/bin/bashtop: line 1207: local: `36': invalid variable name for name reference
12:34:24 ERROR: On line 1207 (MUTED!)
/usr/bin/bashtop: line 1207: local: `2': invalid variable name for name reference
12:34:24 ERROR: On line 1207 (MUTED!)
/usr/bin/bashtop: line 1207: local: `51': invalid variable name for name reference
12:34:24 ERROR: On line 1207 (MUTED!)
/usr/bin/bashtop: line 1207: local: `36': invalid variable name for name reference
/usr/bin/bashtop: line 1207: local: `2': invalid variable name for name reference
/usr/bin/bashtop: line 1207: local: `51': invalid variable name for name reference
12:34:24 ERROR: On line 1215 
/usr/bin/bashtop: line 1207: local: `36': invalid variable name for name reference
12:34:27 ERROR: On line 1207 (MUTED!)
/usr/bin/bashtop: line 1207: local: `2': invalid variable name for name reference
12:34:27 ERROR: On line 1207 (MUTED!)
/usr/bin/bashtop: line 1207: local: `51': invalid variable name for name reference
/usr/bin/bashtop: line 1207: local: `36': invalid variable name for name reference
/usr/bin/bashtop: line 1207: local: `2': invalid variable name for name reference
/usr/bin/bashtop: line 1207: local: `51': invalid variable name for name reference
12:34:27 ERROR: On line 1215 
/usr/bin/bashtop: line 1207: local: `36': invalid variable name for name reference
12:34:29 ERROR: On line 1207 (MUTED!)
/usr/bin/bashtop: line 1207: local: `2': invalid variable name for name reference
12:34:29 ERROR: On line 1207 (MUTED!)
/usr/bin/bashtop: line 1207: local: `51': invalid variable name for name reference
/usr/bin/bashtop: line 1207: local: `36': invalid variable name for name reference
/usr/bin/bashtop: line 1207: local: `2': invalid variable name for name reference
/usr/bin/bashtop: line 1207: local: `51': invalid variable name for name reference
12:34:29 ERROR: On line 1215 
/usr/bin/bashtop: line 1207: local: `36': invalid variable name for name reference
12:34:32 ERROR: On line 1207 (MUTED!)
/usr/bin/bashtop: line 1207: local: `2': invalid variable name for name reference
12:34:32 ERROR: On line 1207 (MUTED!)
/usr/bin/bashtop: line 1207: local: `51': invalid variable name for name reference
/usr/bin/bashtop: line 1207: local: `36': invalid variable name for name reference
/usr/bin/bashtop: line 1207: local: `2': invalid variable name for name reference
/usr/bin/bashtop: line 1207: local: `51': invalid variable name for name reference
12:34:32 ERROR: On line 1215 
/usr/bin/bashtop: line 1207: local: `36': invalid variable name for name reference
12:34:34 ERROR: On line 1207 (MUTED!)
/usr/bin/bashtop: line 1207: local: `2': invalid variable name for name reference
12:34:34 ERROR: On line 1207 (MUTED!)
/usr/bin/bashtop: line 1207: local: `51': invalid variable name for name reference
/usr/bin/bashtop: line 1207: local: `36': invalid variable name for name reference
/usr/bin/bashtop: line 1207: local: `2': invalid variable name for name reference
/usr/bin/bashtop: line 1207: local: `51': invalid variable name for name reference
12:34:34 ERROR: On line 1215 
/usr/bin/bashtop: line 1207: local: `36': invalid variable name for name reference
12:34:37 ERROR: On line 1207 (MUTED!)
/usr/bin/bashtop: line 1207: local: `2': invalid variable name for name reference
12:34:37 ERROR: On line 1207 (MUTED!)
/usr/bin/bashtop: line 1207: local: `51': invalid variable name for name reference
/usr/bin/bashtop: line 1207: local: `36': invalid variable name for name reference
/usr/bin/bashtop: line 1207: local: `2': invalid variable name for name reference
/usr/bin/bashtop: line 1207: local: `51': invalid variable name for name reference
12:34:37 ERROR: On line 1215 
/usr/bin/bashtop: line 1207: local: `36': invalid variable name for name reference
12:34:40 ERROR: On line 1207 (MUTED!)
/usr/bin/bashtop: line 1207: local: `2': invalid variable name for name reference
12:34:40 ERROR: On line 1207 (MUTED!)
/usr/bin/bashtop: line 1207: local: `51': invalid variable name for name reference
/usr/bin/bashtop: line 1207: local: `36': invalid variable name for name reference
/usr/bin/bashtop: line 1207: local: `2': invalid variable name for name reference
/usr/bin/bashtop: line 1207: local: `51': invalid variable name for name reference
12:34:40 ERROR: On line 1215 
/usr/bin/bashtop: line 1207: local: `36': invalid variable name for name reference
12:34:42 ERROR: On line 1207 (MUTED!)
/usr/bin/bashtop: line 1207: local: `2': invalid variable name for name reference
12:34:42 ERROR: On line 1207 (MUTED!)
/usr/bin/bashtop: line 1207: local: `51': invalid variable name for name reference
/usr/bin/bashtop: line 1207: local: `36': invalid variable name for name reference
/usr/bin/bashtop: line 1207: local: `2': invalid variable name for name reference
/usr/bin/bashtop: line 1207: local: `51': invalid variable name for name reference
12:34:42 ERROR: On line 1215 
/usr/bin/bashtop: line 1207: local: `36': invalid variable name for name reference
12:34:45 ERROR: On line 1207 (MUTED!)
/usr/bin/bashtop: line 1207: local: `2': invalid variable name for name reference
12:34:45 ERROR: On line 1207 (MUTED!)
/usr/bin/bashtop: line 1207: local: `51': invalid variable name for name reference
/usr/bin/bashtop: line 1207: local: `36': invalid variable name for name reference
/usr/bin/bashtop: line 1207: local: `2': invalid variable name for name reference
/usr/bin/bashtop: line 1207: local: `51': invalid variable name for name reference
12:34:45 ERROR: On line 1215 
/usr/bin/bashtop: line 1207: local: `36': invalid variable name for name reference
12:34:47 ERROR: On line 1207 (MUTED!)
/usr/bin/bashtop: line 1207: local: `2': invalid variable name for name reference
12:34:47 ERROR: On line 1207 (MUTED!)
/usr/bin/bashtop: line 1207: local: `51': invalid variable name for name reference
/usr/bin/bashtop: line 1207: local: `36': invalid variable name for name reference
/usr/bin/bashtop: line 1207: local: `2': invalid variable name for name reference
/usr/bin/bashtop: line 1207: local: `51': invalid variable name for name reference
12:34:47 ERROR: On line 1215 
/usr/bin/bashtop: line 1207: local: `36': invalid variable name for name reference
12:34:50 ERROR: On line 1207 (MUTED!)
/usr/bin/bashtop: line 1207: local: `2': invalid variable name for name reference
12:34:50 ERROR: On line 1207 (MUTED!)
/usr/bin/bashtop: line 1207: local: `51': invalid variable name for name reference
/usr/bin/bashtop: line 1207: local: `36': invalid variable name for name reference
/usr/bin/bashtop: line 1207: local: `2': invalid variable name for name reference
/usr/bin/bashtop: line 1207: local: `51': invalid variable name for name reference
12:34:50 ERROR: On line 1215 
/usr/bin/bashtop: line 1207: local: `36': invalid variable name for name reference
12:34:53 ERROR: On line 1207 (MUTED!)
/usr/bin/bashtop: line 1207: local: `2': invalid variable name for name reference
12:34:53 ERROR: On line 1207 (MUTED!)
/usr/bin/bashtop: line 1207: local: `51': invalid variable name for name reference
/usr/bin/bashtop: line 1207: local: `36': invalid variable name for name reference
/usr/bin/bashtop: line 1207: local: `2': invalid variable name for name reference
/usr/bin/bashtop: line 1207: local: `51': invalid variable name for name reference
12:34:53 ERROR: On line 1215 
/usr/bin/bashtop: line 1207: local: `36': invalid variable name for name reference
12:34:55 ERROR: On line 1207 (MUTED!)
/usr/bin/bashtop: line 1207: local: `2': invalid variable name for name reference
12:34:55 ERROR: On line 1207 (MUTED!)
/usr/bin/bashtop: line 1207: local: `51': invalid variable name for name reference
/usr/bin/bashtop: line 1207: local: `36': invalid variable name for name reference
/usr/bin/bashtop: line 1207: local: `2': invalid variable name for name reference
/usr/bin/bashtop: line 1207: local: `51': invalid variable name for name reference
12:34:55 ERROR: On line 1215 
/usr/bin/bashtop: line 1207: local: `36': invalid variable name for name reference
12:34:58 ERROR: On line 1207 (MUTED!)
/usr/bin/bashtop: line 1207: local: `2': invalid variable name for name reference
12:34:58 ERROR: On line 1207 (MUTED!)
/usr/bin/bashtop: line 1207: local: `51': invalid variable name for name reference
/usr/bin/bashtop: line 1207: local: `36': invalid variable name for name reference
/usr/bin/bashtop: line 1207: local: `2': invalid variable name for name reference
/usr/bin/bashtop: line 1207: local: `51': invalid variable name for name reference
12:34:58 ERROR: On line 1215 
/usr/bin/bashtop: line 1207: local: `36': invalid variable name for name reference
12:35:00 ERROR: On line 1207 (MUTED!)
/usr/bin/bashtop: line 1207: local: `2': invalid variable name for name reference
12:35:00 ERROR: On line 1207 (MUTED!)
/usr/bin/bashtop: line 1207: local: `51': invalid variable name for name reference
/usr/bin/bashtop: line 1207: local: `36': invalid variable name for name reference
/usr/bin/bashtop: line 1207: local: `2': invalid variable name for name reference
/usr/bin/bashtop: line 1207: local: `51': invalid variable name for name reference
12:35:00 ERROR: On line 1215 
/usr/bin/bashtop: line 1207: local: `36': invalid variable name for name reference
12:35:03 ERROR: On line 1207 (MUTED!)
/usr/bin/bashtop: line 1207: local: `2': invalid variable name for name reference
12:35:03 ERROR: On line 1207 (MUTED!)
/usr/bin/bashtop: line 1207: local: `51': invalid variable name for name reference
/usr/bin/bashtop: line 1207: local: `36': invalid variable name for name reference
/usr/bin/bashtop: line 1207: local: `2': invalid variable name for name reference
/usr/bin/bashtop: line 1207: local: `51': invalid variable name for name reference
12:35:03 ERROR: On line 1215 
/usr/bin/bashtop: line 1207: local: `36': invalid variable name for name reference
12:35:06 ERROR: On line 1207 (MUTED!)
/usr/bin/bashtop: line 1207: local: `2': invalid variable name for name reference
12:35:06 ERROR: On line 1207 (MUTED!)
/usr/bin/bashtop: line 1207: local: `51': invalid variable name for name reference
/usr/bin/bashtop: line 1207: local: `36': invalid variable name for name reference
/usr/bin/bashtop: line 1207: local: `2': invalid variable name for name reference
/usr/bin/bashtop: line 1207: local: `51': invalid variable name for name reference
12:35:06 ERROR: On line 1215 
/usr/bin/bashtop: line 1207: local: `36': invalid variable name for name reference
12:35:08 ERROR: On line 1207 (MUTED!)
/usr/bin/bashtop: line 1207: local: `2': invalid variable name for name reference
12:35:08 ERROR: On line 1207 (MUTED!)
/usr/bin/bashtop: line 1207: local: `51': invalid variable name for name reference
/usr/bin/bashtop: line 1207: local: `36': invalid variable name for name reference
/usr/bin/bashtop: line 1207: local: `2': invalid variable name for name reference
/usr/bin/bashtop: line 1207: local: `51': invalid variable name for name reference
12:35:08 ERROR: On line 1215 
/usr/bin/bashtop: line 1207: local: `36': invalid variable name for name reference
12:35:11 ERROR: On line 1207 (MUTED!)
/usr/bin/bashtop: line 1207: local: `2': invalid variable name for name reference
12:35:11 ERROR: On line 1207 (MUTED!)
/usr/bin/bashtop: line 1207: local: `51': invalid variable name for name reference
/usr/bin/bashtop: line 1207: local: `36': invalid variable name for name reference
/usr/bin/bashtop: line 1207: local: `2': invalid variable name for name reference
/usr/bin/bashtop: line 1207: local: `51': invalid variable name for name reference
12:35:11 ERROR: On line 1215 
/usr/bin/bashtop: line 1207: local: `36': invalid variable name for name reference
12:35:13 ERROR: On line 1207 (MUTED!)
/usr/bin/bashtop: line 1207: local: `2': invalid variable name for name reference
12:35:13 ERROR: On line 1207 (MUTED!)
/usr/bin/bashtop: line 1207: local: `51': invalid variable name for name reference
/usr/bin/bashtop: line 1207: local: `36': invalid variable name for name reference
/usr/bin/bashtop: line 1207: local: `2': invalid variable name for name reference
/usr/bin/bashtop: line 1207: local: `51': invalid variable name for name reference
12:35:13 ERROR: On line 1215 
/usr/bin/bashtop: line 1207: local: `36': invalid variable name for name reference
12:35:16 ERROR: On line 1207 (MUTED!)
/usr/bin/bashtop: line 1207: local: `2': invalid variable name for name reference
12:35:16 ERROR: On line 1207 (MUTED!)
/usr/bin/bashtop: line 1207: local: `51': invalid variable name for name reference
/usr/bin/bashtop: line 1207: local: `36': invalid variable name for name reference
/usr/bin/bashtop: line 1207: local: `2': invalid variable name for name reference
/usr/bin/bashtop: line 1207: local: `51': invalid variable name for name reference
12:35:16 ERROR: On line 1215 
/usr/bin/bashtop: line 1207: local: `36': invalid variable name for name reference
12:35:19 ERROR: On line 1207 (MUTED!)
/usr/bin/bashtop: line 1207: local: `2': invalid variable name for name reference
12:35:19 ERROR: On line 1207 (MUTED!)
/usr/bin/bashtop: line 1207: local: `51': invalid variable name for name reference
/usr/bin/bashtop: line 1207: local: `36': invalid variable name for name reference
/usr/bin/bashtop: line 1207: local: `2': invalid variable name for name reference
/usr/bin/bashtop: line 1207: local: `51': invalid variable name for name reference
12:35:19 ERROR: On line 1215 
/usr/bin/bashtop: line 1207: local: `36': invalid variable name for name reference
12:35:21 ERROR: On line 1207 (MUTED!)
/usr/bin/bashtop: line 1207: local: `2': invalid variable name for name reference
12:35:21 ERROR: On line 1207 (MUTED!)
/usr/bin/bashtop: line 1207: local: `51': invalid variable name for name reference
/usr/bin/bashtop: line 1207: local: `36': invalid variable name for name reference
/usr/bin/bashtop: line 1207: local: `2': invalid variable name for name reference
/usr/bin/bashtop: line 1207: local: `51': invalid variable name for name reference
12:35:21 ERROR: On line 1215 
/usr/bin/bashtop: line 1207: local: `36': invalid variable name for name reference
12:35:24 ERROR: On line 1207 (MUTED!)
/usr/bin/bashtop: line 1207: local: `2': invalid variable name for name reference
12:35:24 ERROR: On line 1207 (MUTED!)
/usr/bin/bashtop: line 1207: local: `51': invalid variable name for name reference
/usr/bin/bashtop: line 1207: local: `36': invalid variable name for name reference
/usr/bin/bashtop: line 1207: local: `2': invalid variable name for name reference
/usr/bin/bashtop: line 1207: local: `51': invalid variable name for name reference
12:35:24 ERROR: On line 1215 
/usr/bin/bashtop: line 1207: local: `36': invalid variable name for name reference
12:35:26 ERROR: On line 1207 (MUTED!)
/usr/bin/bashtop: line 1207: local: `2': invalid variable name for name reference
12:35:26 ERROR: On line 1207 (MUTED!)
/usr/bin/bashtop: line 1207: local: `51': invalid variable name for name reference
/usr/bin/bashtop: line 1207: local: `36': invalid variable name for name reference
/usr/bin/bashtop: line 1207: local: `2': invalid variable name for name reference
/usr/bin/bashtop: line 1207: local: `51': invalid variable name for name reference
12:35:26 ERROR: On line 1215 
/usr/bin/bashtop: line 1207: local: `36': invalid variable name for name reference
12:35:29 ERROR: On line 1207 (MUTED!)
/usr/bin/bashtop: line 1207: local: `2': invalid variable name for name reference
12:35:29 ERROR: On line 1207 (MUTED!)
/usr/bin/bashtop: line 1207: local: `51': invalid variable name for name reference
/usr/bin/bashtop: line 1207: local: `36': invalid variable name for name reference
/usr/bin/bashtop: line 1207: local: `2': invalid variable name for name reference
/usr/bin/bashtop: line 1207: local: `51': invalid variable name for name reference
12:35:29 ERROR: On line 1215 
/usr/bin/bashtop: line 1207: local: `36': invalid variable name for name reference
12:35:31 ERROR: On line 1207 (MUTED!)
/usr/bin/bashtop: line 1207: local: `2': invalid variable name for name reference
12:35:31 ERROR: On line 1207 (MUTED!)
/usr/bin/bashtop: line 1207: local: `51': invalid variable name for name reference
/usr/bin/bashtop: line 1207: local: `36': invalid variable name for name reference
/usr/bin/bashtop: line 1207: local: `2': invalid variable name for name reference
/usr/bin/bashtop: line 1207: local: `51': invalid variable name for name reference
12:35:31 ERROR: On line 1215 
/usr/bin/bashtop: line 1207: local: `36': invalid variable name for name reference
12:35:34 ERROR: On line 1207 (MUTED!)
/usr/bin/bashtop: line 1207: local: `2': invalid variable name for name reference
12:35:34 ERROR: On line 1207 (MUTED!)
/usr/bin/bashtop: line 1207: local: `51': invalid variable name for name reference
/usr/bin/bashtop: line 1207: local: `36': invalid variable name for name reference
/usr/bin/bashtop: line 1207: local: `2': invalid variable name for name reference
/usr/bin/bashtop: line 1207: local: `51': invalid variable name for name reference
12:35:34 ERROR: On line 1215 
/usr/bin/bashtop: line 1207: local: `36': invalid variable name for name reference
12:35:37 ERROR: On line 1207 (MUTED!)
/usr/bin/bashtop: line 1207: local: `2': invalid variable name for name reference
12:35:37 ERROR: On line 1207 (MUTED!)
/usr/bin/bashtop: line 1207: local: `51': invalid variable name for name reference
/usr/bin/bashtop: line 1207: local: `36': invalid variable name for name reference
/usr/bin/bashtop: line 1207: local: `2': invalid variable name for name reference
/usr/bin/bashtop: line 1207: local: `51': invalid variable name for name reference
12:35:37 ERROR: On line 1215 
/usr/bin/bashtop: line 1207: local: `36': invalid variable name for name reference
12:35:39 ERROR: On line 1207 (MUTED!)
/usr/bin/bashtop: line 1207: local: `2': invalid variable name for name reference
12:35:39 ERROR: On line 1207 (MUTED!)
/usr/bin/bashtop: line 1207: local: `51': invalid variable name for name reference
/usr/bin/bashtop: line 1207: local: `36': invalid variable name for name reference
/usr/bin/bashtop: line 1207: local: `2': invalid variable name for name reference
/usr/bin/bashtop: line 1207: local: `51': invalid variable name for name reference
12:35:39 ERROR: On line 1215 
/usr/bin/bashtop: line 1207: local: `36': invalid variable name for name reference
12:35:42 ERROR: On line 1207 (MUTED!)
/usr/bin/bashtop: line 1207: local: `2': invalid variable name for name reference
12:35:42 ERROR: On line 1207 (MUTED!)
/usr/bin/bashtop: line 1207: local: `51': invalid variable name for name reference
/usr/bin/bashtop: line 1207: local: `36': invalid variable name for name reference
/usr/bin/bashtop: line 1207: local: `2': invalid variable name for name reference
/usr/bin/bashtop: line 1207: local: `51': invalid variable name for name reference
12:35:42 ERROR: On line 1215 
/usr/bin/bashtop: line 1207: local: `36': invalid variable name for name reference
12:35:44 ERROR: On line 1207 (MUTED!)
/usr/bin/bashtop: line 1207: local: `2': invalid variable name for name reference
12:35:44 ERROR: On line 1207 (MUTED!)
/usr/bin/bashtop: line 1207: local: `51': invalid variable name for name reference
/usr/bin/bashtop: line 1207: local: `36': invalid variable name for name reference
/usr/bin/bashtop: line 1207: local: `2': invalid variable name for name reference
/usr/bin/bashtop: line 1207: local: `51': invalid variable name for name reference
12:35:44 ERROR: On line 1215 
/usr/bin/bashtop: line 1207: local: `36': invalid variable name for name reference
12:35:47 ERROR: On line 1207 (MUTED!)
/usr/bin/bashtop: line 1207: local: `2': invalid variable name for name reference
12:35:47 ERROR: On line 1207 (MUTED!)
/usr/bin/bashtop: line 1207: local: `51': invalid variable name for name reference
/usr/bin/bashtop: line 1207: local: `36': invalid variable name for name reference
/usr/bin/bashtop: line 1207: local: `2': invalid variable name for name reference
/usr/bin/bashtop: line 1207: local: `51': invalid variable name for name reference
12:35:47 ERROR: On line 1215 
/usr/bin/bashtop: line 1207: local: `36': invalid variable name for name reference
12:35:49 ERROR: On line 1207 (MUTED!)
/usr/bin/bashtop: line 1207: local: `2': invalid variable name for name reference
12:35:49 ERROR: On line 1207 (MUTED!)
/usr/bin/bashtop: line 1207: local: `51': invalid variable name for name reference
/usr/bin/bashtop: line 1207: local: `36': invalid variable name for name reference
/usr/bin/bashtop: line 1207: local: `2': invalid variable name for name reference
/usr/bin/bashtop: line 1207: local: `51': invalid variable name for name reference
12:35:49 ERROR: On line 1215 
/usr/bin/bashtop: line 1207: local: `36': invalid variable name for name reference
12:35:52 ERROR: On line 1207 (MUTED!)
/usr/bin/bashtop: line 1207: local: `2': invalid variable name for name reference
12:35:52 ERROR: On line 1207 (MUTED!)
/usr/bin/bashtop: line 1207: local: `51': invalid variable name for name reference
/usr/bin/bashtop: line 1207: local: `36': invalid variable name for name reference
/usr/bin/bashtop: line 1207: local: `2': invalid variable name for name reference
/usr/bin/bashtop: line 1207: local: `51': invalid variable name for name reference
12:35:52 ERROR: On line 1215 
/usr/bin/bashtop: line 1207: local: `36': invalid variable name for name reference
12:35:55 ERROR: On line 1207 
/usr/bin/bashtop: line 1207: local: `2': invalid variable name for name reference
12:35:55 ERROR: On line 1207 (MUTED!)
/usr/bin/bashtop: line 1207: local: `51': invalid variable name for name reference
/usr/bin/bashtop: line 1207: local: `36': invalid variable name for name reference
/usr/bin/bashtop: line 1207: local: `2': invalid variable name for name reference
/usr/bin/bashtop: line 1207: local: `51': invalid variable name for name reference
12:35:55 ERROR: On line 1215 
/usr/bin/bashtop: line 1207: local: `36': invalid variable name for name reference
12:35:57 ERROR: On line 1207 (MUTED!)
/usr/bin/bashtop: line 1207: local: `2': invalid variable name for name reference
12:35:57 ERROR: On line 1207 (MUTED!)
/usr/bin/bashtop: line 1207: local: `51': invalid variable name for name reference
/usr/bin/bashtop: line 1207: local: `36': invalid variable name for name reference
/usr/bin/bashtop: line 1207: local: `2': invalid variable name for name reference
/usr/bin/bashtop: line 1207: local: `51': invalid variable name for name reference
12:35:57 ERROR: On line 1215 
/usr/bin/bashtop: line 1207: local: `36': invalid variable name for name reference
12:36:00 ERROR: On line 1207 (MUTED!)
/usr/bin/bashtop: line 1207: local: `2': invalid variable name for name reference
12:36:00 ERROR: On line 1207 (MUTED!)
/usr/bin/bashtop: line 1207: local: `51': invalid variable name for name reference
/usr/bin/bashtop: line 1207: local: `36': invalid variable name for name reference
/usr/bin/bashtop: line 1207: local: `2': invalid variable name for name reference
/usr/bin/bashtop: line 1207: local: `51': invalid variable name for name reference
12:36:00 ERROR: On line 1215 
/usr/bin/bashtop: line 1207: local: `36': invalid variable name for name reference
12:36:02 ERROR: On line 1207 (MUTED!)
/usr/bin/bashtop: line 1207: local: `2': invalid variable name for name reference
12:36:02 ERROR: On line 1207 (MUTED!)
/usr/bin/bashtop: line 1207: local: `51': invalid variable name for name reference
/usr/bin/bashtop: line 1207: local: `36': invalid variable name for name reference
/usr/bin/bashtop: line 1207: local: `2': invalid variable name for name reference
/usr/bin/bashtop: line 1207: local: `51': invalid variable name for name reference
12:36:02 ERROR: On line 1215 
/usr/bin/bashtop: line 1207: local: `36': invalid variable name for name reference
12:36:05 ERROR: On line 1207 (MUTED!)
/usr/bin/bashtop: line 1207: local: `2': invalid variable name for name reference
12:36:05 ERROR: On line 1207 (MUTED!)
/usr/bin/bashtop: line 1207: local: `51': invalid variable name for name reference
/usr/bin/bashtop: line 1207: local: `36': invalid variable name for name reference
/usr/bin/bashtop: line 1207: local: `2': invalid variable name for name reference
/usr/bin/bashtop: line 1207: local: `51': invalid variable name for name reference
12:36:05 ERROR: On line 1215 
/usr/bin/bashtop: line 1207: local: `36': invalid variable name for name reference
12:36:07 ERROR: On line 1207 (MUTED!)
/usr/bin/bashtop: line 1207: local: `2': invalid variable name for name reference
12:36:07 ERROR: On line 1207 (MUTED!)
/usr/bin/bashtop: line 1207: local: `51': invalid variable name for name reference
/usr/bin/bashtop: line 1207: local: `36': invalid variable name for name reference
/usr/bin/bashtop: line 1207: local: `2': invalid variable name for name reference
/usr/bin/bashtop: line 1207: local: `51': invalid variable name for name reference
12:36:07 ERROR: On line 1215 
/usr/bin/bashtop: line 1207: local: `36': invalid variable name for name reference
12:36:10 ERROR: On line 1207 (MUTED!)
/usr/bin/bashtop: line 1207: local: `2': invalid variable name for name reference
12:36:10 ERROR: On line 1207 (MUTED!)
/usr/bin/bashtop: line 1207: local: `51': invalid variable name for name reference
/usr/bin/bashtop: line 1207: local: `36': invalid variable name for name reference
/usr/bin/bashtop: line 1207: local: `2': invalid variable name for name reference
/usr/bin/bashtop: line 1207: local: `51': invalid variable name for name reference
12:36:10 ERROR: On line 1215 
/usr/bin/bashtop: line 1207: local: `36': invalid variable name for name reference
12:36:13 ERROR: On line 1207 (MUTED!)
/usr/bin/bashtop: line 1207: local: `2': invalid variable name for name reference
12:36:13 ERROR: On line 1207 (MUTED!)
/usr/bin/bashtop: line 1207: local: `51': invalid variable name for name reference
/usr/bin/bashtop: line 1207: local: `36': invalid variable name for name reference
/usr/bin/bashtop: line 1207: local: `2': invalid variable name for name reference
/usr/bin/bashtop: line 1207: local: `51': invalid variable name for name reference
12:36:13 ERROR: On line 1215 
 
New instance of bashtop version: 0.9.25 Pid: 861
 
New instance of bashtop version: 0.9.25 Pid: 165153
 
New instance of bashtop version: 0.9.25 Pid: 165489
 
New instance of bashtop version: 0.9.25 Pid: 168623
 
New instance of bashtop version: 0.9.25 Pid: 172425
 
New instance of bashtop version: 0.9.25 Pid: 866
 
New instance of bashtop version: 0.9.25 Pid: 159143
/usr/bin/bashtop: trap: line 2: unexpected EOF while looking for matching `)'
 
New instance of bashtop version: 0.9.25 Pid: 373967
 
New instance of bashtop version: 0.9.25 Pid: 376747
 
New instance of bashtop version: 0.9.25 Pid: 868
 
New instance of bashtop version: 0.9.25 Pid: 1534
 
New instance of bashtop version: 0.9.25 Pid: 4342
 
New instance of bashtop version: 0.9.25 Pid: 861
 
New instance of bashtop version: 0.9.25 Pid: 63247
 
New instance of bashtop version: 0.9.25 Pid: 383992
 
New instance of bashtop version: 0.9.25 Pid: 573784
 
New instance of bashtop version: 0.9.25 Pid: 589254
 
New instance of bashtop version: 0.9.25 Pid: 635358
 
New instance of bashtop version: 0.9.25 Pid: 656672
 
New instance of bashtop version: 0.9.25 Pid: 736868
 
New instance of bashtop version: 0.9.25 Pid: 831
 
New instance of bashtop version: 0.9.25 Pid: 86489
 
New instance of bashtop version: 0.9.25 Pid: 861
 
New instance of bashtop version: 0.9.25 Pid: 3442
 
New instance of bashtop version: 0.9.25 Pid: 916
 
New instance of bashtop version: 0.9.25 Pid: 813
 
New instance of bashtop version: 0.9.25 Pid: 820
 
New instance of bashtop version: 0.9.25 Pid: 5142
 
New instance of bashtop version: 0.9.25 Pid: 916
 
New instance of bashtop version: 0.9.25 Pid: 826
 
New instance of bashtop version: 0.9.25 Pid: 837
 
New instance of bashtop version: 0.9.25 Pid: 1785
 
New instance of bashtop version: 0.9.25 Pid: 28168
 
New instance of bashtop version: 0.9.25 Pid: 41010
 
New instance of bashtop version: 0.9.25 Pid: 48203
 
New instance of bashtop version: 0.9.25 Pid: 233511
 
New instance of bashtop version: 0.9.25 Pid: 233882
 
New instance of bashtop version: 0.9.25 Pid: 281585
 
New instance of bashtop version: 0.9.25 Pid: 285152
 
New instance of bashtop version: 0.9.25 Pid: 414291
 
New instance of bashtop version: 0.9.25 Pid: 59140
 
New instance of bashtop version: 0.9.25 Pid: 769
 
New instance of bashtop version: 0.9.25 Pid: 1454
 
New instance of bashtop version: 0.9.25 Pid: 3464
 
New instance of bashtop version: 0.9.25 Pid: 6060
 
New instance of bashtop version: 0.9.25 Pid: 705
 
New instance of bashtop version: 0.9.25 Pid: 10308
